  Application.cpp
C:\Users\dmare\source\repos\Pacman\Pacman\Globals.h(53,39): warning C4267: инициализация: преобразование из "size_t" в "unsigned short"; возможна потеря данных
  (компиляция исходного файла "Application.cpp")
  
C:\Users\dmare\source\repos\Pacman\Pacman\Globals.h(53,30): warning C4267: инициализация: преобразование из "size_t" в "const unsigned short"; возможна потеря данных
  (компиляция исходного файла "Application.cpp")
  
C:\Users\dmare\source\repos\Pacman\Pacman\Globals.h(54,40): warning C4267: инициализация: преобразование из "size_t" в "unsigned short"; возможна потеря данных
  (компиляция исходного файла "Application.cpp")
  
C:\Users\dmare\source\repos\Pacman\Pacman\Globals.h(54,31): warning C4267: инициализация: преобразование из "size_t" в "const unsigned short"; возможна потеря данных
  (компиляция исходного файла "Application.cpp")
  
C:\Users\dmare\source\repos\Pacman\Pacman\Globals.h(56,27): warning C4305: инициализация: усечение из "double" в "float"
  (компиляция исходного файла "Application.cpp")
  
C:\Users\dmare\source\repos\Pacman\Pacman\Globals.h(57,28): warning C4305: инициализация: усечение из "double" в "float"
  (компиляция исходного файла "Application.cpp")
  
C:\Users\dmare\source\repos\Pacman\Pacman\Globals.h(59,32): warning C4244: инициализация: преобразование "double" в "int", возможна потеря данных
  (компиляция исходного файла "Application.cpp")
  
C:\Users\dmare\source\repos\Pacman\Pacman\GhostManager.h(13,23): warning C4244: инициализация: преобразование "float" в "int", возможна потеря данных
  (компиляция исходного файла "Application.cpp")
  
C:\Users\dmare\source\repos\Pacman\Pacman\Application.h(15,26): warning C4244: аргумент: преобразование "int" в "float", возможна потеря данных
  (компиляция исходного файла "Application.cpp")
  
C:\Users\dmare\source\repos\Pacman\Pacman\Application.h(41,49): warning C4244: аргумент: преобразование "int" в "float", возможна потеря данных
  (компиляция исходного файла "Application.cpp")
  
C:\Users\dmare\source\repos\Pacman\Pacman\Application.cpp(58,48): warning C4267: аргумент: преобразование из "size_t" в "int"; возможна потеря данных
C:\Users\dmare\source\repos\Pacman\Pacman\Application.cpp(176,90): warning C4244: аргумент: преобразование "double" в "int", возможна потеря данных
C:\Users\dmare\source\repos\Pacman\Pacman\Application.cpp(176,75): warning C4244: аргумент: преобразование "double" в "int", возможна потеря данных
C:\Users\dmare\source\repos\Pacman\Pacman\Application.cpp(176,58): warning C4244: аргумент: преобразование "double" в "int", возможна потеря данных
C:\Users\dmare\source\repos\Pacman\Pacman\Application.cpp(176,35): warning C4244: аргумент: преобразование "double" в "int", возможна потеря данных
C:\Users\dmare\source\repos\Pacman\Pacman\Application.cpp(201,77): warning C4244: аргумент: преобразование "int" в "float", возможна потеря данных
C:\Users\dmare\source\repos\Pacman\Pacman\Application.cpp(201,56): warning C4244: аргумент: преобразование "int" в "float", возможна потеря данных
C:\Users\dmare\source\repos\Pacman\Pacman\Application.cpp(202,85): warning C4244: аргумент: преобразование "int" в "float", возможна потеря данных
C:\Users\dmare\source\repos\Pacman\Pacman\Application.cpp(202,64): warning C4244: аргумент: преобразование "int" в "float", возможна потеря данных
  main.cpp
C:\Users\dmare\source\repos\Pacman\Pacman\Globals.h(53,39): warning C4267: инициализация: преобразование из "size_t" в "unsigned short"; возможна потеря данных
  (компиляция исходного файла "main.cpp")
  
C:\Users\dmare\source\repos\Pacman\Pacman\Globals.h(53,30): warning C4267: инициализация: преобразование из "size_t" в "const unsigned short"; возможна потеря данных
  (компиляция исходного файла "main.cpp")
  
C:\Users\dmare\source\repos\Pacman\Pacman\Globals.h(54,40): warning C4267: инициализация: преобразование из "size_t" в "unsigned short"; возможна потеря данных
  (компиляция исходного файла "main.cpp")
  
C:\Users\dmare\source\repos\Pacman\Pacman\Globals.h(54,31): warning C4267: инициализация: преобразование из "size_t" в "const unsigned short"; возможна потеря данных
  (компиляция исходного файла "main.cpp")
  
C:\Users\dmare\source\repos\Pacman\Pacman\Globals.h(56,27): warning C4305: инициализация: усечение из "double" в "float"
  (компиляция исходного файла "main.cpp")
  
C:\Users\dmare\source\repos\Pacman\Pacman\Globals.h(57,28): warning C4305: инициализация: усечение из "double" в "float"
  (компиляция исходного файла "main.cpp")
  
C:\Users\dmare\source\repos\Pacman\Pacman\Globals.h(59,32): warning C4244: инициализация: преобразование "double" в "int", возможна потеря данных
  (компиляция исходного файла "main.cpp")
  
C:\Users\dmare\source\repos\Pacman\Pacman\GhostManager.h(13,23): warning C4244: инициализация: преобразование "float" в "int", возможна потеря данных
  (компиляция исходного файла "main.cpp")
  
C:\Users\dmare\source\repos\Pacman\Pacman\Application.h(15,26): warning C4244: аргумент: преобразование "int" в "float", возможна потеря данных
  (компиляция исходного файла "main.cpp")
  
C:\Users\dmare\source\repos\Pacman\Pacman\Application.h(41,49): warning C4244: аргумент: преобразование "int" в "float", возможна потеря данных
  (компиляция исходного файла "main.cpp")
  
  Создание кода
  4 of 435 functions ( 0.9%) were compiled, the rest were copied from previous compilation.
    0 functions were new in current compilation
    1 functions had inline decision re-evaluated but remain unchanged
  Создание кода завершено
  Pacman.vcxproj -> C:\Users\dmare\source\repos\Pacman\x64\Release\Pacman.exe
